Log at : 2023/12/15|19:31:38|GMT+0800

[TypeError: Cannot read properties of undefined (reading 'C51')
	at b.getIncString (c:\Users\Administrator\.vscode\extensions\cl.keil-assistant-1.6.2\dist\extension.js:1:13625)
	at b.<anonymous> (c:\Users\Administrator\.vscode\extensions\cl.keil-assistant-1.6.2\dist\extension.js:1:10429)
	at Generator.next (<anonymous>)
	at c:\Users\Administrator\.vscode\extensions\cl.keil-assistant-1.6.2\dist\extension.js:1:4542
	at new Promise (<anonymous>)
	at r (c:\Users\Administrator\.vscode\extensions\cl.keil-assistant-1.6.2\dist\extension.js:1:4287)
	at b.load (c:\Users\Administrator\.vscode\extensions\cl.keil-assistant-1.6.2\dist\extension.js:1:10382)
	at x.<anonymous> (c:\Users\Administrator\.vscode\extensions\cl.keil-assistant-1.6.2\dist\extension.js:1:8182)
	at Generator.next (<anonymous>)
	at a (c:\Users\Administrator\.vscode\extensions\cl.keil-assistant-1.6.2\dist\extension.js:1:4344)]
[TypeError: Cannot read properties of undefined (reading 'C51')
	at b.getIncString (c:\Users\Administrator\.vscode\extensions\cl.keil-assistant-1.6.2\dist\extension.js:1:13625)
	at b.<anonymous> (c:\Users\Administrator\.vscode\extensions\cl.keil-assistant-1.6.2\dist\extension.js:1:10429)
	at Generator.next (<anonymous>)
	at c:\Users\Administrator\.vscode\extensions\cl.keil-assistant-1.6.2\dist\extension.js:1:4542
	at new Promise (<anonymous>)
	at r (c:\Users\Administrator\.vscode\extensions\cl.keil-assistant-1.6.2\dist\extension.js:1:4287)
	at b.load (c:\Users\Administrator\.vscode\extensions\cl.keil-assistant-1.6.2\dist\extension.js:1:10382)
	at x.<anonymous> (c:\Users\Administrator\.vscode\extensions\cl.keil-assistant-1.6.2\dist\extension.js:1:8182)
	at Generator.next (<anonymous>)
	at a (c:\Users\Administrator\.vscode\extensions\cl.keil-assistant-1.6.2\dist\extension.js:1:4344)
	at process.processTicksAndRejections (node:internal/process/task_queues:95:5)]
[TypeError: Cannot read properties of undefined (reading 'C51')
	at b.getIncString (c:\Users\Administrator\.vscode\extensions\cl.keil-assistant-1.6.2\dist\extension.js:1:13625)
	at b.<anonymous> (c:\Users\Administrator\.vscode\extensions\cl.keil-assistant-1.6.2\dist\extension.js:1:10429)
	at Generator.next (<anonymous>)
	at c:\Users\Administrator\.vscode\extensions\cl.keil-assistant-1.6.2\dist\extension.js:1:4542
	at new Promise (<anonymous>)
	at r (c:\Users\Administrator\.vscode\extensions\cl.keil-assistant-1.6.2\dist\extension.js:1:4287)
	at b.load (c:\Users\Administrator\.vscode\extensions\cl.keil-assistant-1.6.2\dist\extension.js:1:10382)
	at x.<anonymous> (c:\Users\Administrator\.vscode\extensions\cl.keil-assistant-1.6.2\dist\extension.js:1:8182)
	at Generator.next (<anonymous>)
	at a (c:\Users\Administrator\.vscode\extensions\cl.keil-assistant-1.6.2\dist\extension.js:1:4344)
	at process.processTicksAndRejections (node:internal/process/task_queues:95:5)]
[TypeError: Cannot read properties of undefined (reading 'C51')
	at b.getIncString (c:\Users\Administrator\.vscode\extensions\cl.keil-assistant-1.6.2\dist\extension.js:1:13625)
	at b.<anonymous> (c:\Users\Administrator\.vscode\extensions\cl.keil-assistant-1.6.2\dist\extension.js:1:10429)
	at Generator.next (<anonymous>)
	at c:\Users\Administrator\.vscode\extensions\cl.keil-assistant-1.6.2\dist\extension.js:1:4542
	at new Promise (<anonymous>)
	at r (c:\Users\Administrator\.vscode\extensions\cl.keil-assistant-1.6.2\dist\extension.js:1:4287)
	at b.load (c:\Users\Administrator\.vscode\extensions\cl.keil-assistant-1.6.2\dist\extension.js:1:10382)
	at x.<anonymous> (c:\Users\Administrator\.vscode\extensions\cl.keil-assistant-1.6.2\dist\extension.js:1:8182)
	at Generator.next (<anonymous>)
	at a (c:\Users\Administrator\.vscode\extensions\cl.keil-assistant-1.6.2\dist\extension.js:1:4344)
	at process.processTicksAndRejections (node:internal/process/task_queues:95:5)]
[TypeError: Cannot read properties of undefined (reading 'C51')
	at b.getIncString (c:\Users\Administrator\.vscode\extensions\cl.keil-assistant-1.6.2\dist\extension.js:1:13625)
	at b.<anonymous> (c:\Users\Administrator\.vscode\extensions\cl.keil-assistant-1.6.2\dist\extension.js:1:10429)
	at Generator.next (<anonymous>)
	at c:\Users\Administrator\.vscode\extensions\cl.keil-assistant-1.6.2\dist\extension.js:1:4542
	at new Promise (<anonymous>)
	at r (c:\Users\Administrator\.vscode\extensions\cl.keil-assistant-1.6.2\dist\extension.js:1:4287)
	at b.load (c:\Users\Administrator\.vscode\extensions\cl.keil-assistant-1.6.2\dist\extension.js:1:10382)
	at x.<anonymous> (c:\Users\Administrator\.vscode\extensions\cl.keil-assistant-1.6.2\dist\extension.js:1:8182)
	at Generator.next (<anonymous>)
	at a (c:\Users\Administrator\.vscode\extensions\cl.keil-assistant-1.6.2\dist\extension.js:1:4344)
	at process.processTicksAndRejections (node:internal/process/task_queues:95:5)]
[TypeError: Cannot read properties of undefined (reading 'C51')
	at b.getIncString (c:\Users\Administrator\.vscode\extensions\cl.keil-assistant-1.6.2\dist\extension.js:1:13625)
	at b.<anonymous> (c:\Users\Administrator\.vscode\extensions\cl.keil-assistant-1.6.2\dist\extension.js:1:10429)
	at Generator.next (<anonymous>)
	at c:\Users\Administrator\.vscode\extensions\cl.keil-assistant-1.6.2\dist\extension.js:1:4542
	at new Promise (<anonymous>)
	at r (c:\Users\Administrator\.vscode\extensions\cl.keil-assistant-1.6.2\dist\extension.js:1:4287)
	at b.load (c:\Users\Administrator\.vscode\extensions\cl.keil-assistant-1.6.2\dist\extension.js:1:10382)
	at x.<anonymous> (c:\Users\Administrator\.vscode\extensions\cl.keil-assistant-1.6.2\dist\extension.js:1:8182)
	at Generator.next (<anonymous>)
	at a (c:\Users\Administrator\.vscode\extensions\cl.keil-assistant-1.6.2\dist\extension.js:1:4344)
	at process.processTicksAndRejections (node:internal/process/task_queues:95:5)]
[TypeError: Cannot read properties of undefined (reading 'C51')
	at b.getIncString (c:\Users\Administrator\.vscode\extensions\cl.keil-assistant-1.6.2\dist\extension.js:1:13625)
	at b.<anonymous> (c:\Users\Administrator\.vscode\extensions\cl.keil-assistant-1.6.2\dist\extension.js:1:10429)
	at Generator.next (<anonymous>)
	at c:\Users\Administrator\.vscode\extensions\cl.keil-assistant-1.6.2\dist\extension.js:1:4542
	at new Promise (<anonymous>)
	at r (c:\Users\Administrator\.vscode\extensions\cl.keil-assistant-1.6.2\dist\extension.js:1:4287)
	at b.load (c:\Users\Administrator\.vscode\extensions\cl.keil-assistant-1.6.2\dist\extension.js:1:10382)
	at x.<anonymous> (c:\Users\Administrator\.vscode\extensions\cl.keil-assistant-1.6.2\dist\extension.js:1:8182)
	at Generator.next (<anonymous>)
	at a (c:\Users\Administrator\.vscode\extensions\cl.keil-assistant-1.6.2\dist\extension.js:1:4344)
	at process.processTicksAndRejections (node:internal/process/task_queues:95:5)]
[TypeError: Cannot read properties of undefined (reading 'C51')
	at b.getIncString (c:\Users\Administrator\.vscode\extensions\cl.keil-assistant-1.6.2\dist\extension.js:1:13625)
	at b.<anonymous> (c:\Users\Administrator\.vscode\extensions\cl.keil-assistant-1.6.2\dist\extension.js:1:10429)
	at Generator.next (<anonymous>)
	at c:\Users\Administrator\.vscode\extensions\cl.keil-assistant-1.6.2\dist\extension.js:1:4542
	at new Promise (<anonymous>)
	at r (c:\Users\Administrator\.vscode\extensions\cl.keil-assistant-1.6.2\dist\extension.js:1:4287)
	at b.load (c:\Users\Administrator\.vscode\extensions\cl.keil-assistant-1.6.2\dist\extension.js:1:10382)
	at x.<anonymous> (c:\Users\Administrator\.vscode\extensions\cl.keil-assistant-1.6.2\dist\extension.js:1:8182)
	at Generator.next (<anonymous>)
	at a (c:\Users\Administrator\.vscode\extensions\cl.keil-assistant-1.6.2\dist\extension.js:1:4344)
	at process.processTicksAndRejections (node:internal/process/task_queues:95:5)]
[TypeError: Cannot read properties of undefined (reading 'C51')
	at b.getIncString (c:\Users\Administrator\.vscode\extensions\cl.keil-assistant-1.6.2\dist\extension.js:1:13625)
	at b.<anonymous> (c:\Users\Administrator\.vscode\extensions\cl.keil-assistant-1.6.2\dist\extension.js:1:10429)
	at Generator.next (<anonymous>)
	at c:\Users\Administrator\.vscode\extensions\cl.keil-assistant-1.6.2\dist\extension.js:1:4542
	at new Promise (<anonymous>)
	at r (c:\Users\Administrator\.vscode\extensions\cl.keil-assistant-1.6.2\dist\extension.js:1:4287)
	at b.load (c:\Users\Administrator\.vscode\extensions\cl.keil-assistant-1.6.2\dist\extension.js:1:10382)
	at x.<anonymous> (c:\Users\Administrator\.vscode\extensions\cl.keil-assistant-1.6.2\dist\extension.js:1:8182)
	at Generator.next (<anonymous>)
	at a (c:\Users\Administrator\.vscode\extensions\cl.keil-assistant-1.6.2\dist\extension.js:1:4344)
	at process.processTicksAndRejections (node:internal/process/task_queues:95:5)]
[TypeError: Cannot read properties of undefined (reading 'C51')
	at b.getIncString (c:\Users\Administrator\.vscode\extensions\cl.keil-assistant-1.6.2\dist\extension.js:1:13625)
	at b.<anonymous> (c:\Users\Administrator\.vscode\extensions\cl.keil-assistant-1.6.2\dist\extension.js:1:10429)
	at Generator.next (<anonymous>)
	at c:\Users\Administrator\.vscode\extensions\cl.keil-assistant-1.6.2\dist\extension.js:1:4542
	at new Promise (<anonymous>)
	at r (c:\Users\Administrator\.vscode\extensions\cl.keil-assistant-1.6.2\dist\extension.js:1:4287)
	at b.load (c:\Users\Administrator\.vscode\extensions\cl.keil-assistant-1.6.2\dist\extension.js:1:10382)
	at x.<anonymous> (c:\Users\Administrator\.vscode\extensions\cl.keil-assistant-1.6.2\dist\extension.js:1:8182)
	at Generator.next (<anonymous>)
	at a (c:\Users\Administrator\.vscode\extensions\cl.keil-assistant-1.6.2\dist\extension.js:1:4344)
	at process.processTicksAndRejections (node:internal/process/task_queues:95:5)]
[TypeError: Cannot read properties of undefined (reading 'C51')
	at b.getIncString (c:\Users\Administrator\.vscode\extensions\cl.keil-assistant-1.6.2\dist\extension.js:1:13625)
	at b.<anonymous> (c:\Users\Administrator\.vscode\extensions\cl.keil-assistant-1.6.2\dist\extension.js:1:10429)
	at Generator.next (<anonymous>)
	at c:\Users\Administrator\.vscode\extensions\cl.keil-assistant-1.6.2\dist\extension.js:1:4542
	at new Promise (<anonymous>)
	at r (c:\Users\Administrator\.vscode\extensions\cl.keil-assistant-1.6.2\dist\extension.js:1:4287)
	at b.load (c:\Users\Administrator\.vscode\extensions\cl.keil-assistant-1.6.2\dist\extension.js:1:10382)
	at x.<anonymous> (c:\Users\Administrator\.vscode\extensions\cl.keil-assistant-1.6.2\dist\extension.js:1:8182)
	at Generator.next (<anonymous>)
	at a (c:\Users\Administrator\.vscode\extensions\cl.keil-assistant-1.6.2\dist\extension.js:1:4344)
	at process.processTicksAndRejections (node:internal/process/task_queues:95:5)]
[TypeError: Cannot read properties of undefined (reading 'C51')
	at b.getIncString (c:\Users\Administrator\.vscode\extensions\cl.keil-assistant-1.6.2\dist\extension.js:1:13625)
	at b.<anonymous> (c:\Users\Administrator\.vscode\extensions\cl.keil-assistant-1.6.2\dist\extension.js:1:10429)
	at Generator.next (<anonymous>)
	at c:\Users\Administrator\.vscode\extensions\cl.keil-assistant-1.6.2\dist\extension.js:1:4542
	at new Promise (<anonymous>)
	at r (c:\Users\Administrator\.vscode\extensions\cl.keil-assistant-1.6.2\dist\extension.js:1:4287)
	at b.load (c:\Users\Administrator\.vscode\extensions\cl.keil-assistant-1.6.2\dist\extension.js:1:10382)
	at x.<anonymous> (c:\Users\Administrator\.vscode\extensions\cl.keil-assistant-1.6.2\dist\extension.js:1:8182)
	at Generator.next (<anonymous>)
	at a (c:\Users\Administrator\.vscode\extensions\cl.keil-assistant-1.6.2\dist\extension.js:1:4344)
	at process.processTicksAndRejections (node:internal/process/task_queues:95:5)]
[TypeError: Cannot read properties of undefined (reading 'C51')
	at b.getIncString (c:\Users\Administrator\.vscode\extensions\cl.keil-assistant-1.6.2\dist\extension.js:1:13625)
	at b.<anonymous> (c:\Users\Administrator\.vscode\extensions\cl.keil-assistant-1.6.2\dist\extension.js:1:10429)
	at Generator.next (<anonymous>)
	at c:\Users\Administrator\.vscode\extensions\cl.keil-assistant-1.6.2\dist\extension.js:1:4542
	at new Promise (<anonymous>)
	at r (c:\Users\Administrator\.vscode\extensions\cl.keil-assistant-1.6.2\dist\extension.js:1:4287)
	at b.load (c:\Users\Administrator\.vscode\extensions\cl.keil-assistant-1.6.2\dist\extension.js:1:10382)
	at x.<anonymous> (c:\Users\Administrator\.vscode\extensions\cl.keil-assistant-1.6.2\dist\extension.js:1:8182)
	at Generator.next (<anonymous>)
	at a (c:\Users\Administrator\.vscode\extensions\cl.keil-assistant-1.6.2\dist\extension.js:1:4344)
	at process.processTicksAndRejections (node:internal/process/task_queues:95:5)]
[TypeError: Cannot read properties of undefined (reading 'C51')
	at b.getIncString (c:\Users\Administrator\.vscode\extensions\cl.keil-assistant-1.6.2\dist\extension.js:1:13625)
	at b.<anonymous> (c:\Users\Administrator\.vscode\extensions\cl.keil-assistant-1.6.2\dist\extension.js:1:10429)
	at Generator.next (<anonymous>)
	at c:\Users\Administrator\.vscode\extensions\cl.keil-assistant-1.6.2\dist\extension.js:1:4542
	at new Promise (<anonymous>)
	at r (c:\Users\Administrator\.vscode\extensions\cl.keil-assistant-1.6.2\dist\extension.js:1:4287)
	at b.load (c:\Users\Administrator\.vscode\extensions\cl.keil-assistant-1.6.2\dist\extension.js:1:10382)
	at x.<anonymous> (c:\Users\Administrator\.vscode\extensions\cl.keil-assistant-1.6.2\dist\extension.js:1:8182)
	at Generator.next (<anonymous>)
	at a (c:\Users\Administrator\.vscode\extensions\cl.keil-assistant-1.6.2\dist\extension.js:1:4344)
	at process.processTicksAndRejections (node:internal/process/task_queues:95:5)]
[TypeError: Cannot read properties of undefined (reading 'C51')
	at b.getIncString (c:\Users\Administrator\.vscode\extensions\cl.keil-assistant-1.6.2\dist\extension.js:1:13625)
	at b.<anonymous> (c:\Users\Administrator\.vscode\extensions\cl.keil-assistant-1.6.2\dist\extension.js:1:10429)
	at Generator.next (<anonymous>)
	at c:\Users\Administrator\.vscode\extensions\cl.keil-assistant-1.6.2\dist\extension.js:1:4542
	at new Promise (<anonymous>)
	at r (c:\Users\Administrator\.vscode\extensions\cl.keil-assistant-1.6.2\dist\extension.js:1:4287)
	at b.load (c:\Users\Administrator\.vscode\extensions\cl.keil-assistant-1.6.2\dist\extension.js:1:10382)
	at x.<anonymous> (c:\Users\Administrator\.vscode\extensions\cl.keil-assistant-1.6.2\dist\extension.js:1:8182)
	at Generator.next (<anonymous>)
	at a (c:\Users\Administrator\.vscode\extensions\cl.keil-assistant-1.6.2\dist\extension.js:1:4344)
	at process.processTicksAndRejections (node:internal/process/task_queues:95:5)]
[TypeError: Cannot read properties of undefined (reading 'C51')
	at b.getIncString (c:\Users\Administrator\.vscode\extensions\cl.keil-assistant-1.6.2\dist\extension.js:1:13625)
	at b.<anonymous> (c:\Users\Administrator\.vscode\extensions\cl.keil-assistant-1.6.2\dist\extension.js:1:10429)
	at Generator.next (<anonymous>)
	at c:\Users\Administrator\.vscode\extensions\cl.keil-assistant-1.6.2\dist\extension.js:1:4542
	at new Promise (<anonymous>)
	at r (c:\Users\Administrator\.vscode\extensions\cl.keil-assistant-1.6.2\dist\extension.js:1:4287)
	at b.load (c:\Users\Administrator\.vscode\extensions\cl.keil-assistant-1.6.2\dist\extension.js:1:10382)
	at x.<anonymous> (c:\Users\Administrator\.vscode\extensions\cl.keil-assistant-1.6.2\dist\extension.js:1:8182)
	at Generator.next (<anonymous>)
	at a (c:\Users\Administrator\.vscode\extensions\cl.keil-assistant-1.6.2\dist\extension.js:1:4344)
	at process.processTicksAndRejections (node:internal/process/task_queues:95:5)]
[TypeError: Cannot read properties of undefined (reading 'C51')
	at b.getIncString (c:\Users\Administrator\.vscode\extensions\cl.keil-assistant-1.6.2\dist\extension.js:1:13625)
	at b.<anonymous> (c:\Users\Administrator\.vscode\extensions\cl.keil-assistant-1.6.2\dist\extension.js:1:10429)
	at Generator.next (<anonymous>)
	at c:\Users\Administrator\.vscode\extensions\cl.keil-assistant-1.6.2\dist\extension.js:1:4542
	at new Promise (<anonymous>)
	at r (c:\Users\Administrator\.vscode\extensions\cl.keil-assistant-1.6.2\dist\extension.js:1:4287)
	at b.load (c:\Users\Administrator\.vscode\extensions\cl.keil-assistant-1.6.2\dist\extension.js:1:10382)
	at x.<anonymous> (c:\Users\Administrator\.vscode\extensions\cl.keil-assistant-1.6.2\dist\extension.js:1:8182)
	at Generator.next (<anonymous>)
	at a (c:\Users\Administrator\.vscode\extensions\cl.keil-assistant-1.6.2\dist\extension.js:1:4344)
	at process.processTicksAndRejections (node:internal/process/task_queues:95:5)]
[TypeError: Cannot read properties of undefined (reading 'C51')
	at b.getIncString (c:\Users\Administrator\.vscode\extensions\cl.keil-assistant-1.6.2\dist\extension.js:1:13625)
	at b.<anonymous> (c:\Users\Administrator\.vscode\extensions\cl.keil-assistant-1.6.2\dist\extension.js:1:10429)
	at Generator.next (<anonymous>)
	at c:\Users\Administrator\.vscode\extensions\cl.keil-assistant-1.6.2\dist\extension.js:1:4542
	at new Promise (<anonymous>)
	at r (c:\Users\Administrator\.vscode\extensions\cl.keil-assistant-1.6.2\dist\extension.js:1:4287)
	at b.load (c:\Users\Administrator\.vscode\extensions\cl.keil-assistant-1.6.2\dist\extension.js:1:10382)
	at x.<anonymous> (c:\Users\Administrator\.vscode\extensions\cl.keil-assistant-1.6.2\dist\extension.js:1:8182)
	at Generator.next (<anonymous>)
	at a (c:\Users\Administrator\.vscode\extensions\cl.keil-assistant-1.6.2\dist\extension.js:1:4344)
	at process.processTicksAndRejections (node:internal/process/task_queues:95:5)]
[TypeError: Cannot read properties of undefined (reading 'C51')
	at b.getIncString (c:\Users\Administrator\.vscode\extensions\cl.keil-assistant-1.6.2\dist\extension.js:1:13625)
	at b.<anonymous> (c:\Users\Administrator\.vscode\extensions\cl.keil-assistant-1.6.2\dist\extension.js:1:10429)
	at Generator.next (<anonymous>)
	at c:\Users\Administrator\.vscode\extensions\cl.keil-assistant-1.6.2\dist\extension.js:1:4542
	at new Promise (<anonymous>)
	at r (c:\Users\Administrator\.vscode\extensions\cl.keil-assistant-1.6.2\dist\extension.js:1:4287)
	at b.load (c:\Users\Administrator\.vscode\extensions\cl.keil-assistant-1.6.2\dist\extension.js:1:10382)
	at x.<anonymous> (c:\Users\Administrator\.vscode\extensions\cl.keil-assistant-1.6.2\dist\extension.js:1:8182)
	at Generator.next (<anonymous>)
	at a (c:\Users\Administrator\.vscode\extensions\cl.keil-assistant-1.6.2\dist\extension.js:1:4344)
	at process.processTicksAndRejections (node:internal/process/task_queues:95:5)]
[TypeError: Cannot read properties of undefined (reading 'C51')
	at b.getIncString (c:\Users\Administrator\.vscode\extensions\cl.keil-assistant-1.6.2\dist\extension.js:1:13625)
	at b.<anonymous> (c:\Users\Administrator\.vscode\extensions\cl.keil-assistant-1.6.2\dist\extension.js:1:10429)
	at Generator.next (<anonymous>)
	at c:\Users\Administrator\.vscode\extensions\cl.keil-assistant-1.6.2\dist\extension.js:1:4542
	at new Promise (<anonymous>)
	at r (c:\Users\Administrator\.vscode\extensions\cl.keil-assistant-1.6.2\dist\extension.js:1:4287)
	at b.load (c:\Users\Administrator\.vscode\extensions\cl.keil-assistant-1.6.2\dist\extension.js:1:10382)
	at x.<anonymous> (c:\Users\Administrator\.vscode\extensions\cl.keil-assistant-1.6.2\dist\extension.js:1:8182)
	at Generator.next (<anonymous>)
	at a (c:\Users\Administrator\.vscode\extensions\cl.keil-assistant-1.6.2\dist\extension.js:1:4344)
	at process.processTicksAndRejections (node:internal/process/task_queues:95:5)]
[TypeError: Cannot read properties of undefined (reading 'C51')
	at b.getIncString (c:\Users\Administrator\.vscode\extensions\cl.keil-assistant-1.6.2\dist\extension.js:1:13625)
	at b.<anonymous> (c:\Users\Administrator\.vscode\extensions\cl.keil-assistant-1.6.2\dist\extension.js:1:10429)
	at Generator.next (<anonymous>)
	at c:\Users\Administrator\.vscode\extensions\cl.keil-assistant-1.6.2\dist\extension.js:1:4542
	at new Promise (<anonymous>)
	at r (c:\Users\Administrator\.vscode\extensions\cl.keil-assistant-1.6.2\dist\extension.js:1:4287)
	at b.load (c:\Users\Administrator\.vscode\extensions\cl.keil-assistant-1.6.2\dist\extension.js:1:10382)
	at x.<anonymous> (c:\Users\Administrator\.vscode\extensions\cl.keil-assistant-1.6.2\dist\extension.js:1:8182)
	at Generator.next (<anonymous>)
	at a (c:\Users\Administrator\.vscode\extensions\cl.keil-assistant-1.6.2\dist\extension.js:1:4344)
	at process.processTicksAndRejections (node:internal/process/task_queues:95:5)]
[TypeError: Cannot read properties of undefined (reading 'C51')
	at b.getIncString (c:\Users\Administrator\.vscode\extensions\cl.keil-assistant-1.6.2\dist\extension.js:1:13625)
	at b.<anonymous> (c:\Users\Administrator\.vscode\extensions\cl.keil-assistant-1.6.2\dist\extension.js:1:10429)
	at Generator.next (<anonymous>)
	at c:\Users\Administrator\.vscode\extensions\cl.keil-assistant-1.6.2\dist\extension.js:1:4542
	at new Promise (<anonymous>)
	at r (c:\Users\Administrator\.vscode\extensions\cl.keil-assistant-1.6.2\dist\extension.js:1:4287)
	at b.load (c:\Users\Administrator\.vscode\extensions\cl.keil-assistant-1.6.2\dist\extension.js:1:10382)
	at x.<anonymous> (c:\Users\Administrator\.vscode\extensions\cl.keil-assistant-1.6.2\dist\extension.js:1:8182)
	at Generator.next (<anonymous>)
	at a (c:\Users\Administrator\.vscode\extensions\cl.keil-assistant-1.6.2\dist\extension.js:1:4344)
	at process.processTicksAndRejections (node:internal/process/task_queues:95:5)]
[TypeError: Cannot read properties of undefined (reading 'C51')
	at b.getIncString (c:\Users\Administrator\.vscode\extensions\cl.keil-assistant-1.6.2\dist\extension.js:1:13625)
	at b.<anonymous> (c:\Users\Administrator\.vscode\extensions\cl.keil-assistant-1.6.2\dist\extension.js:1:10429)
	at Generator.next (<anonymous>)
	at c:\Users\Administrator\.vscode\extensions\cl.keil-assistant-1.6.2\dist\extension.js:1:4542
	at new Promise (<anonymous>)
	at r (c:\Users\Administrator\.vscode\extensions\cl.keil-assistant-1.6.2\dist\extension.js:1:4287)
	at b.load (c:\Users\Administrator\.vscode\extensions\cl.keil-assistant-1.6.2\dist\extension.js:1:10382)
	at x.<anonymous> (c:\Users\Administrator\.vscode\extensions\cl.keil-assistant-1.6.2\dist\extension.js:1:8182)
	at Generator.next (<anonymous>)
	at a (c:\Users\Administrator\.vscode\extensions\cl.keil-assistant-1.6.2\dist\extension.js:1:4344)
	at process.processTicksAndRejections (node:internal/process/task_queues:95:5)]
[TypeError: Cannot read properties of undefined (reading 'C51')
	at b.getIncString (c:\Users\Administrator\.vscode\extensions\cl.keil-assistant-1.6.2\dist\extension.js:1:13625)
	at b.<anonymous> (c:\Users\Administrator\.vscode\extensions\cl.keil-assistant-1.6.2\dist\extension.js:1:10429)
	at Generator.next (<anonymous>)
	at c:\Users\Administrator\.vscode\extensions\cl.keil-assistant-1.6.2\dist\extension.js:1:4542
	at new Promise (<anonymous>)
	at r (c:\Users\Administrator\.vscode\extensions\cl.keil-assistant-1.6.2\dist\extension.js:1:4287)
	at b.load (c:\Users\Administrator\.vscode\extensions\cl.keil-assistant-1.6.2\dist\extension.js:1:10382)
	at x.<anonymous> (c:\Users\Administrator\.vscode\extensions\cl.keil-assistant-1.6.2\dist\extension.js:1:8182)
	at Generator.next (<anonymous>)
	at a (c:\Users\Administrator\.vscode\extensions\cl.keil-assistant-1.6.2\dist\extension.js:1:4344)
	at process.processTicksAndRejections (node:internal/process/task_queues:95:5)]
[TypeError: Cannot read properties of undefined (reading 'C51')
	at b.getIncString (c:\Users\Administrator\.vscode\extensions\cl.keil-assistant-1.6.2\dist\extension.js:1:13625)
	at b.<anonymous> (c:\Users\Administrator\.vscode\extensions\cl.keil-assistant-1.6.2\dist\extension.js:1:10429)
	at Generator.next (<anonymous>)
	at c:\Users\Administrator\.vscode\extensions\cl.keil-assistant-1.6.2\dist\extension.js:1:4542
	at new Promise (<anonymous>)
	at r (c:\Users\Administrator\.vscode\extensions\cl.keil-assistant-1.6.2\dist\extension.js:1:4287)
	at b.load (c:\Users\Administrator\.vscode\extensions\cl.keil-assistant-1.6.2\dist\extension.js:1:10382)
	at x.<anonymous> (c:\Users\Administrator\.vscode\extensions\cl.keil-assistant-1.6.2\dist\extension.js:1:8182)
	at Generator.next (<anonymous>)
	at a (c:\Users\Administrator\.vscode\extensions\cl.keil-assistant-1.6.2\dist\extension.js:1:4344)
	at process.processTicksAndRejections (node:internal/process/task_queues:95:5)]
[TypeError: Cannot read properties of undefined (reading 'C51')
	at b.getIncString (c:\Users\Administrator\.vscode\extensions\cl.keil-assistant-1.6.2\dist\extension.js:1:13625)
	at b.<anonymous> (c:\Users\Administrator\.vscode\extensions\cl.keil-assistant-1.6.2\dist\extension.js:1:10429)
	at Generator.next (<anonymous>)
	at c:\Users\Administrator\.vscode\extensions\cl.keil-assistant-1.6.2\dist\extension.js:1:4542
	at new Promise (<anonymous>)
	at r (c:\Users\Administrator\.vscode\extensions\cl.keil-assistant-1.6.2\dist\extension.js:1:4287)
	at b.load (c:\Users\Administrator\.vscode\extensions\cl.keil-assistant-1.6.2\dist\extension.js:1:10382)
	at x.<anonymous> (c:\Users\Administrator\.vscode\extensions\cl.keil-assistant-1.6.2\dist\extension.js:1:8182)
	at Generator.next (<anonymous>)
	at a (c:\Users\Administrator\.vscode\extensions\cl.keil-assistant-1.6.2\dist\extension.js:1:4344)
	at process.processTicksAndRejections (node:internal/process/task_queues:95:5)]
[TypeError: Cannot read properties of undefined (reading 'C51')
	at b.getIncString (c:\Users\Administrator\.vscode\extensions\cl.keil-assistant-1.6.2\dist\extension.js:1:13625)
	at b.<anonymous> (c:\Users\Administrator\.vscode\extensions\cl.keil-assistant-1.6.2\dist\extension.js:1:10429)
	at Generator.next (<anonymous>)
	at c:\Users\Administrator\.vscode\extensions\cl.keil-assistant-1.6.2\dist\extension.js:1:4542
	at new Promise (<anonymous>)
	at r (c:\Users\Administrator\.vscode\extensions\cl.keil-assistant-1.6.2\dist\extension.js:1:4287)
	at b.load (c:\Users\Administrator\.vscode\extensions\cl.keil-assistant-1.6.2\dist\extension.js:1:10382)
	at x.<anonymous> (c:\Users\Administrator\.vscode\extensions\cl.keil-assistant-1.6.2\dist\extension.js:1:8182)
	at Generator.next (<anonymous>)
	at a (c:\Users\Administrator\.vscode\extensions\cl.keil-assistant-1.6.2\dist\extension.js:1:4344)
	at process.processTicksAndRejections (node:internal/process/task_queues:95:5)]
[info] Log at : 2024/1/5|10:25:35|GMT+0800

[info] Log at : 2024/1/5|16:46:00|GMT+0800

[info] Log at : 2024/1/6|17:58:26|GMT+0800

[info] Log at : 2024/1/12|17:55:36|GMT+0800

[info] Log at : 2024/2/20|12:44:22|GMT+0800

[info] Log at : 2024/2/20|16:12:59|GMT+0800

[info] Log at : 2024/3/21|20:25:49|GMT+0800

[info] Log at : 2024/3/22|19:32:04|GMT+0800

[info] Log at : 2024/3/23|13:21:27|GMT+0800

[info] Log at : 2024/3/23|16:11:55|GMT+0800

[info] Log at : 2024/3/24|14:08:36|GMT+0800

[info] Log at : 2024/3/25|12:41:12|GMT+0800

[info] Log at : 2024/3/29|12:09:13|GMT+0800

[info] Log at : 2024/4/5|21:11:40|GMT+0800

[info] Log at : 2024/4/10|20:15:35|GMT+0800

[info] Log at : 2024/4/13|20:15:54|GMT+0800

[info] Log at : 2024/4/17|19:51:18|GMT+0800

[info] Log at : 2024/4/18|13:18:21|GMT+0800

[info] Log at : 2024/4/19|21:06:24|GMT+0800

[info] Log at : 2024/4/26|17:52:39|GMT+0800

[info] Log at : 2024/5/6|20:41:38|GMT+0800

[info] Log at : 2024/5/7|09:49:03|GMT+0800

[info] Log at : 2024/5/8|18:36:04|GMT+0800

[info] Log at : 2024/5/8|20:44:51|GMT+0800

[info] Log at : 2024/5/11|19:57:01|GMT+0800

[info] Log at : 2024/5/12|11:24:43|GMT+0800

[info] Log at : 2024/5/12|16:09:19|GMT+0800

[info] Log at : 2024/5/14|09:10:45|GMT+0800

[info] Log at : 2024/5/14|11:26:54|GMT+0800

[info] Log at : 2024/5/15|10:44:31|GMT+0800

[info] Log at : 2024/5/15|11:28:56|GMT+0800

[info] Log at : 2024/5/15|16:27:44|GMT+0800

[info] Log at : 2024/5/18|15:56:15|GMT+0800

[info] Log at : 2024/5/20|21:32:07|GMT+0800

[info] Log at : 2024/5/22|15:08:57|GMT+0800

[info] Log at : 2024/5/27|10:20:51|GMT+0800

[info] Log at : 2024/5/27|17:24:54|GMT+0800

[info] Log at : 2024/5/28|18:34:18|GMT+0800

[info] Log at : 2024/5/30|16:06:36|GMT+0800

[info] Log at : 2024/5/30|18:21:51|GMT+0800

[info] Log at : 2024/6/2|13:10:33|GMT+0800

[info] Log at : 2024/6/2|14:14:02|GMT+0800

[info] Log at : 2024/6/2|16:23:55|GMT+0800

[info] Log at : 2024/6/2|19:48:07|GMT+0800

[info] Log at : 2024/6/3|19:36:24|GMT+0800

[info] Log at : 2024/6/4|17:49:52|GMT+0800

[info] Log at : 2024/6/4|19:44:38|GMT+0800

[info] Log at : 2024/6/5|18:04:20|GMT+0800

[info] Log at : 2024/6/6|06:52:33|GMT+0800

[info] Log at : 2024/6/6|15:01:40|GMT+0800

[info] Log at : 2024/6/6|21:38:13|GMT+0800

[info] Log at : 2024/6/7|11:55:28|GMT+0800

[info] Log at : 2024/6/8|09:11:33|GMT+0800

[info] Log at : 2024/6/19|19:08:57|GMT+0800

[info] Log at : 2024/6/20|13:50:39|GMT+0800

[info] Log at : 2024/6/21|19:11:15|GMT+0800

[info] Log at : 2024/6/21|22:27:04|GMT+0800

[info] Log at : 2024/6/24|14:48:08|GMT+0800

[info] Log at : 2024/6/28|09:13:37|GMT+0800

[info] Log at : 2024/6/29|17:53:16|GMT+0800

[info] Log at : 2024/7/6|12:15:30|GMT+0800

[info] Log at : 2024/7/7|16:39:25|GMT+0800

[info] Log at : 2024/7/10|01:40:23|GMT+0800

[info] Log at : 2024/7/10|01:58:03|GMT+0800

[info] Log at : 2024/7/10|13:42:00|GMT+0800

[info] Log at : 2024/7/11|19:58:04|GMT+0800

[info] Log at : 2024/7/14|11:33:37|GMT+0800

[info] Log at : 2024/7/14|18:21:51|GMT+0800

[info] Log at : 2024/7/18|21:48:07|GMT+0800

[info] Log at : 2024/7/19|23:33:16|GMT+0800

[info] Log at : 2024/7/20|06:24:45|GMT+0800

[info] Log at : 2024/7/24|22:01:27|GMT+0800

